{"logLevel":"debug","message":"multithreading is set to false"}
{"logLevel":"debug","message":"Using reflection to scan dependencies for gauge implementations..."}
log4j:WARN No appenders could be found for logger (io.grpc.netty.shaded.io.netty.util.internal.logging.InternalLoggerFactory).
log4j:WARN Please initialize the log4j system properly.
log4j:WARN See http://logging.apache.org/log4j/1.2/faq.html#noconfig for more info.
{"logLevel":"debug","message":"gauge-java took 888milliseconds to load and scan. This should be less than 'runner_connection_timeout' config value."}
{"logLevel":"debug","message":"run 'gauge config runner_connection_timeout' and verify that it is < 888"}
{"logLevel":"debug","message":"starting gRPC server..."}
{"logLevel":"debug","message":"started gRPC server on port 55717"}
{"logLevel":"info","message":"Listening on port:55717"}
{"logLevel":"debug","message":"Scanning packages for steps"}
{"logLevel":"debug","message":"Comparing 'StepImplementation.waitTime' and 'StepImplementation.waitTime'"}
{"logLevel":"debug","message":"Found {} saniye bekle in current project scope."}
{"logLevel":"debug","message":"Comparing 'StepImplementation.clickElementById' and 'StepImplementation.clickElementById'"}
{"logLevel":"debug","message":"Found {} id'li elemente tikla in current project scope."}
{"logLevel":"debug","message":"Comparing 'StepImplementation.clickElementByid' and 'StepImplementation.clickElementByid'"}
{"logLevel":"debug","message":"Found {} İd'li elemente tıkla in current project scope."}
{"logLevel":"debug","message":"Comparing 'StepImplementation.clickElementByxpath' and 'StepImplementation.clickElementByxpath'"}
{"logLevel":"debug","message":"Found {} xpath'li elemente tıkla in current project scope."}
{"logLevel":"debug","message":"Comparing 'StepImplementation.SendkeyElementByxpath' and 'StepImplementation.SendkeyElementByxpath'"}
{"logLevel":"debug","message":"Found {} xpath'li elemente {} değerini yaz in current project scope."}
{"logLevel":"debug","message":"Comparing 'StepImplementation.SendkeyElementByid' and 'StepImplementation.SendkeyElementByid'"}
{"logLevel":"debug","message":"Found {} İd'li elemente {} değerini yaz in current project scope."}
{"logLevel":"debug","message":"Comparing 'StepImplementation.getText' and 'StepImplementation.getText'"}
{"logLevel":"debug","message":"Found  Anasayfa textini al in current project scope."}
{"logLevel":"debug","message":"Comparing 'StepImplementation.SearchBook' and 'StepImplementation.SearchBook'"}
{"logLevel":"debug","message":"Found Kitap arama alanına roman değerini yaz in current project scope."}
{"logLevel":"debug","message":"Scanning packages for hooks"}
{"logLevel":"debug","message":"Scanned steps (using static parsing + reflections): "}
{"logLevel":"debug","message":"\t{} xpath'li elemente {} değerini yaz : public void SendkeyElementByxpath(String Key, String keywordc)"}
{"logLevel":"debug","message":"\t{} saniye bekle : public void waitTime(ınt time) throws InterruptedException"}
{"logLevel":"debug","message":"\t Anasayfa textini al : public boolean getText()"}
{"logLevel":"debug","message":"\t{} xpath'li elemente tıkla : public void clickElementByxpath(String Key)"}
{"logLevel":"debug","message":"\t{} id'li elemente tikla : public void clickElementById(String Key)"}
{"logLevel":"debug","message":"\tKitap arama alanına roman değerini yaz : public void SearchBook()"}
{"logLevel":"debug","message":"\t{} İd'li elemente tıkla : public void clickElementByid(String Key)"}
{"logLevel":"debug","message":"\t{} İd'li elemente {} değerini yaz : public void SendkeyElementByid(String Key, String keywordc)"}
{"logLevel":"debug","message":"Killing Java runner..."}
{"logLevel":"debug","message":"Stopping execution pool..."}
{"logLevel":"debug","message":"Shutting down grpc server..."}
{"logLevel":"debug","message":"Runner killed gracefully."}
