{"logLevel":"debug","message":"multithreading is set to false"}
{"logLevel":"debug","message":"Using reflection to scan dependencies for gauge implementations..."}
log4j:WARN No appenders could be found for logger (io.grpc.netty.shaded.io.netty.util.internal.logging.InternalLoggerFactory).
log4j:WARN Please initialize the log4j system properly.
log4j:WARN See http://logging.apache.org/log4j/1.2/faq.html#noconfig for more info.
{"logLevel":"debug","message":"gauge-java took 740milliseconds to load and scan. This should be less than 'runner_connection_timeout' config value."}
{"logLevel":"debug","message":"run 'gauge config runner_connection_timeout' and verify that it is < 740"}
{"logLevel":"debug","message":"starting gRPC server..."}
{"logLevel":"debug","message":"started gRPC server on port 61412"}
{"logLevel":"info","message":"Listening on port:61412"}
{"logLevel":"debug","message":"Scanning packages for steps"}
{"logLevel":"debug","message":"Comparing 'StepImplementation.waitTime' and 'StepImplementation.waitTime'"}
{"logLevel":"debug","message":"Found {} second wait in current project scope."}
{"logLevel":"debug","message":"Comparing 'StepImplementation.clickElementByid' and 'StepImplementation.clickElementById'"}
{"logLevel":"debug","message":"Comparing 'StepImplementation.clickElementById' and 'StepImplementation.clickElementById'"}
{"logLevel":"debug","message":"Found {} click with id's element in current project scope."}
{"logLevel":"debug","message":"Comparing 'StepImplementation.clickElementByid' and 'StepImplementation.clickElementByid'"}
{"logLevel":"debug","message":"Found {} click with id's element in current project scope."}
{"logLevel":"debug","message":"Comparing 'StepImplementation.clickElementByxpath' and 'StepImplementation.clickElementByxpath'"}
{"logLevel":"debug","message":"Found {} xpath'li elemente tıkla in current project scope."}
{"logLevel":"debug","message":"Comparing 'StepImplementation.ScrollRandomPos' and 'StepImplementation.ScrollRandomPos'"}
{"logLevel":"debug","message":"Found scroll et in current project scope."}
{"logLevel":"debug","message":"Comparing 'StepImplementation.SendkeyElementByxpath' and 'StepImplementation.SendkeyElementByxpath'"}
{"logLevel":"debug","message":"Found {} xpath'li elemente {} değerini yaz in current project scope."}
{"logLevel":"debug","message":"Comparing 'StepImplementation.SendkeyElementByid' and 'StepImplementation.SendkeyElementByid'"}
{"logLevel":"debug","message":"Found {} İd'li elemente {} değerini yaz in current project scope."}
{"logLevel":"debug","message":"Comparing 'StepImplementation.findAllProducts' and 'StepImplementation.findAllProducts'"}
{"logLevel":"debug","message":"Found {} random bir ürün seç in current project scope."}
{"logLevel":"debug","message":"Comparing 'StepImplementation.pageCurrentTexts' and 'StepImplementation.pageCurrentTexts'"}
{"logLevel":"debug","message":"Found With xPath {} find element {} with check. in current project scope."}
{"logLevel":"debug","message":"Comparing 'StepImplementation.addToBasket' and 'StepImplementation.addToBasket'"}
{"logLevel":"debug","message":"Found Sepete ekle in current project scope."}
{"logLevel":"debug","message":"Comparing 'Pages.ProductDetail.isProductDetail' and 'Pages.ProductDetail.isProductDetail'"}
{"logLevel":"debug","message":"Found Is product page detail true in current project scope."}
{"logLevel":"debug","message":"Scanning packages for hooks"}
{"logLevel":"debug","message":"Scanned steps (using static parsing + reflections): "}
{"logLevel":"debug","message":"\tSepete ekle : public void addToBasket()"}
{"logLevel":"debug","message":"\t{} xpath'li elemente {} değerini yaz : public void SendkeyElementByxpath(String Key, String keywordc)"}
{"logLevel":"debug","message":"\tscroll et : public void ScrollRandomPos()"}
{"logLevel":"debug","message":"\tIs product page detail true : public void isProductDetail()"}
{"logLevel":"debug","message":"\t{} xpath'li elemente tıkla : public void clickElementByxpath(String Key)"}
{"logLevel":"debug","message":"\t{} second wait : public void waitTime(ınt time) throws InterruptedException"}
{"logLevel":"debug","message":"\t{} click with id's element : public void clickElementByid(String Key)"}
{"logLevel":"debug","message":"\tWith xPath {} find element {} with check. : public void pageCurrentTexts(String by, String text)"}
{"logLevel":"debug","message":"\t{} İd'li elemente {} değerini yaz : public void SendkeyElementByid(String Key, String keywordc)"}
{"logLevel":"debug","message":"\t{} random bir ürün seç : public void findAllProducts(String Key)"}
{"logLevel":"debug","message":"Killing Java runner..."}
{"logLevel":"debug","message":"Stopping execution pool..."}
{"logLevel":"debug","message":"Shutting down grpc server..."}
{"logLevel":"debug","message":"Runner killed gracefully."}
